376.91   256.05   289.81   17.8179   0.295869   1.00583   
737.57   294.77   359.95   39.8661   0.292096   1.02393   
591.16   746.4   744.48   75.3145   0.291979   1.0262   
522.91   291.71   711.49   21.7129   0.291107   1.01818   
455.73   479.67   459.82   19.4829   0.290215   1.02243   
676.84   418.58   309.57   24.541   0.288842   1.02914   
333.73   280.79   586.73   30.7636   0.287686   1.03884   
477.59   444.17   652.63   17.0545   0.28264   1.00458   
599.93   745.42   336.42   23.6561   0.281547   1.0575   
448.72   684.07   739.33   28.6707   0.276436   1.07288   
300.69   602.89   287.09   30.2892   0.275296   1.08875   
743.26   705.16   255.17   17.7578   0.274364   1.08428   
275.15   641.32   377.47   18.6273   0.271823   1.03886   
631.46   277.26   417.17   25.8575   0.271333   1.09911   
447.02   270.41   504.04   19.3244   0.268625   1.09392   
258.16   267.94   733.08   18.5358   0.267591   1.07812   
393.11   276.58   457.72   30.4913   0.265692   1.12655   
717.17   499.26   469.61   23.0644   0.265615   1.11589   
745.28   524.9   363.7   21.3258   0.264435   1.12296   
497.47   645.29   624.22   25.865   0.263641   1.13039   
429.18   541.4   694.27   29.921   0.262203   1.14287   
298.03   382.22   748.94   20.6594   0.261686   1.13107   
415.14   495.39   717.37   20.9277   0.256643   1.16061   
510.01   546.12   286.94   22.4619   0.25256   1.17923   
340.56   503.04   510.71   21.4436   0.252368   1.16525   
333.29   447.11   635.63   21.2337   0.248698   1.15214   
571.28   672.28   265.97   42.7352   0.246138   1.21789   
580.62   471.7   293.66   26.0793   0.244669   1.22275   
541.92   394.6   518.96   23.7868   0.24396   1.20856   
621.36   525.66   306.37   28.4353   0.242339   1.22384   
432.58   568.96   258.89   18.8701   0.240814   1.22175   
640.34   336.59   589.49   20.7935   0.239957   1.19589   
414.55   433.62   296.1   20.4605   0.239954   1.18212   
363.21   359.95   605.16   20.4501   0.238054   1.19053   
718.61   560.29   389.36   23.3537   0.23687   1.25738   
482.72   258.68   260.82   19.965   0.236819   1.22834   
322.64   255.22   504.01   41.1309   0.236567   1.26048   
445.12   289.86   465.55   20.5856   0.234524   1.25976   
261.22   488.73   454.97   25.3535   0.234246   1.27348   
650.9   533.45   566.43   26.2821   0.233422   1.25421   
250.16   697.33   299.63   45.4444   0.231434   1.29076   
334.72   593.72   522.1   21.6552   0.229538   1.30015   
472.53   405.38   517.38   19.43   0.229107   1.26176   
631.43   401.49   433.92   26.0135   0.228759   1.28852   
430.06   598.59   729.98   19.3504   0.228383   1.28605   
662.97   749.57   278.9   31.3592   0.227941   1.31493   
514.13   348.08   258.13   26.1667   0.2263   1.31442   
718.07   293.92   711.57   20.528   0.225034   1.32703   
273.32   538.28   321.16   19.6607   0.224612   1.33251   
375.93   253.25   683.16   22.7913   0.224178   1.3178   
694.77   385.12   425.03   22.9743   0.223765   1.34023   
407.07   288.15   712.9   25.3351   0.222676   1.34572   
297.75   491.9   748.69   41.6958   0.221773   1.34706   
254.99   396   291.82   21.9052   0.221746   1.31024   
301.22   543   546.86   18.7634   0.221717   1.34439   
401.36   689.9   691.88   18.8637   0.219791   1.35293   
671.03   463.66   562.98   18.0628   0.219585   1.31133   
642.19   584.9   291.35   27.5791   0.219387   1.35205   
544.52   441.54   363.95   17.8882   0.218219   1.3361   
580.28   370.65   353.27   26.7006   0.216863   1.36061   
268.42   542.02   509.84   17.5158   0.215612   1.31236   
294.74   611.01   698.71   19.4853   0.215065   1.33405   
699.41   254.29   612.97   43.4164   0.215026   1.39413   
277.23   464.35   397.82   30.2197   0.214714   1.38066   
275.21   283.66   318.09   30.6626   0.213671   1.40299   
544.73   671.71   697.02   21.9752   0.21343   1.40442   
336.76   630.25   486.88   24.2461   0.212611   1.40043   
636.03   297.46   484.12   26.7769   0.212135   1.41308   
251.1   449.9   320.88   28.8463   0.211727   1.41188   
652.39   703.94   595.52   35.8237   0.20899   1.43443   
284.57   689.19   495.37   21.7407   0.208439   1.41438   
635.33   330.38   535.6   18.1213   0.207675   1.37259   
516.59   568.14   423.37   21.3968   0.206143   1.42611   
713.51   435.82   470.59   19.1825   0.205779   1.39477   
550.8   530.85   652.06   18.0038   0.203904   1.40614   
661.4   261.98   355.6   18.9886   0.203497   1.42177   
537.74   337.45   546.67   19.1095   0.203253   1.40001   
467.11   254.44   660.76   25.7232   0.202248   1.46408   
657.01   261.92   262.05   54.9223   0.202035   1.48412   
502.98   671.68   509.28   17.2614   0.201646   1.46558   
251.27   659.31   617.78   23.6769   0.200039   1.48756   
685.72   595.06   322.67   17.5985   0.198469   1.40695   
481.91   288.49   428.11   20.0117   0.198026   1.47066   
464.58   712   541.32   21.2987   0.197832   1.50809   
685.3   653.54   644.92   17.6589   0.197025   1.4184   
554.72   681.55   497.66   25.9016   0.196828   1.51229   
308.4   508.62   281.79   22.697   0.196797   1.52011   
436.87   660.58   304.06   22.4791   0.196743   1.49551   
408.89   731.17   329.07   20.5536   0.196429   1.51134   
452.63   475.58   543.78   43.6868   0.194123   1.5441   
341.95   273.53   336.38   23.4411   0.19386   1.52206   
577.26   661.04   661.55   20.7255   0.19246   1.50685   
311.5   608.45   611.15   27.2271   0.190261   1.54286   
670.69   633.93   590.83   21.125   0.188091   1.56962   
322.28   490.41   470.91   19.2567   0.187283   1.58634   
443.47   640.22   534.77   26.827   0.1869   1.59688   
515.09   368.31   702.69   23.373   0.18676   1.58946   
266.69   554.48   743.65   25.0966   0.185182   1.60544   
381.59   552.37   308.45   24.3646   0.183195   1.61495   
530.09   670.38   558.45   32.3894   0.181983   1.64335   
577.41   517.5   523.36   24.4727   0.181524   1.65062   
745.05   336.85   604.98   19.5183   0.179589   1.60694   
634.73   663.71   475.58   21.3621   0.1762   1.69005   
544.78   251.27   453.22   27.766   0.175082   1.70269   
556.82   301.27   419.48   20.3283   0.173724   1.69123   
379.02   621.24   509.37   19.977   0.173642   1.6441   
501.16   477.97   460.04   22.5808   0.172679   1.69343   
586.67   617.57   319.23   22.8729   0.172545   1.68763   
309.37   317.63   703.05   29.5589   0.17103   1.75055   
702.36   271.23   484.16   23.8981   0.170625   1.75604   
573.83   622.59   418.63   23.5461   0.17017   1.70904   
372.87   444.25   488.82   17.754   0.169856   1.7566   
602.69   320.34   587.54   19.8367   0.169734   1.72424   
528.24   652.05   749.1   28.6377   0.169549   1.75978   
312.11   468.42   574.2   19.7228   0.169477   1.74834   
740.04   688.3   297.38   21.3253   0.169288   1.75551   
438.16   550.57   360.55   20.149   0.169186   1.76438   
656.57   421.89   487.16   28.1046   0.16867   1.74257   
698.05   599.02   365.11   18.9362   0.168566   1.7244   
428.92   428.48   720.91   22.3062   0.165937   1.74562   
478.93   652.12   575.53   18.5983   0.16592   1.72385   
559.12   488.85   556.39   18.0506   0.164978   1.79392   
430.14   576.76   464.05   20.2829   0.164346   1.77282   
304.19   559.27   713.52   18.9056   0.163239   1.81848   
261.95   525.98   645.97   21.222   0.161524   1.81945   
561.2   344.24   724.91   22.171   0.161226   1.82629   
332.34   681.36   318.82   19.3101   0.16073   1.84095   
494.65   685.31   339.63   21.905   0.160716   1.81327   
499.63   517.64   383.19   19.1464   0.157622   1.80055   
600.67   536.06   702.18   24.2868   0.157577   1.88193   
428.04   330.65   392.22   26.0425   0.157506   1.85577   
749.74   527.79   534.37   20.6892   0.157029   1.90086   
511.09   589.38   740.39   17.3324   0.15692   1.86276   
502.22   515.29   748.21   34.0147   0.156748   1.89263   
420.17   631.83   272.41   19.7942   0.156206   1.8768   
524.27   274.51   361.77   24.6155   0.155296   1.90537   
290.77   698.77   695.52   18.0923   0.155054   1.86626   
365.43   333.97   277.27   23.758   0.15499   1.89687   
660.94   521.83   712.11   29.0949   0.154717   1.91312   
330.47   667.91   390.49   23.0703   0.153789   1.92809   
261.46   640.02   535.49   22.5776   0.15279   1.89624   
745.35   307.71   633.93   17.9239   0.152312   1.90989   
459.02   337.62   737.02   17.7168   0.152061   1.97021   
465.37   308.56   664.8   27.548   0.151672   1.95839   
447.31   398.88   420.69   26.5079   0.151319   1.93744   
281.44   684.37   554.51   26.3443   0.151013   1.98205   
626.95   665.24   524.27   23.9885   0.148168   2.00216   
401.22   639.91   388.19   22.1238   0.147745   1.98919   
277.35   521.53   587.02   19.9538   0.147207   1.96957   
251.15   603.07   496.91   19.8496   0.14681   2.00028   
252.82   541.63   386.03   23.6864   0.145981   2.03935   
336.52   729.48   510.03   21.0916   0.14592   1.99892   
532.64   330.62   354.05   17.0352   0.145795   1.89545   
601.83   270.25   552.93   18.1508   0.145502   1.98537   
554.92   703.48   636.24   18.1858   0.143682   1.98424   
694.4   410.19   608.4   17.1395   0.143036   1.974   
666.36   476.57   622.78   17.9386   0.141981   2.07314   
482.74   739.48   673.7   27.2546   0.140627   2.12887   
332.74   716.01   558.9   21.2101   0.139599   2.05314   
388.96   293.27   639.88   30.4535   0.139337   2.11903   
495.23   596.12   340.34   28.1923   0.138891   2.14493   
748.57   525.08   725.46   20.5345   0.138778   2.15255   
324.61   438.39   439.89   18.2715   0.138692   2.15242   
460.42   388.92   602.53   27.1695   0.138576   2.13844   
588.62   664.55   617.17   17.0394   0.13768   2.02171   
633.04   703.73   305.61   24.3719   0.136238   2.18791   
258.92   296.6   421.44   28.4681   0.136138   2.17987   
439.12   283.14   276.35   17.6647   0.134274   2.05074   
420.23   711.1   438.44   19.0452   0.134006   2.145   
359.83   713.42   385.9   24.8883   0.133437   2.2112   
291.83   611.08   438.22   20.0258   0.133347   2.16152   
648.95   444.26   356.75   21.2818   0.132075   2.26246   
486.25   356.07   456.15   18.3275   0.131411   2.25582   
519.29   629.33   467   23.2764   0.130051   2.23981   
321.31   513.32   591.76   17.4355   0.129992   2.20309   
626.3   442.48   688.53   27.3881   0.129715   2.27608   
520.21   671   411.73   29.3888   0.129226   2.30944   
639.31   464.45   524.24   17.4156   0.129155   2.22007   
686.94   310.14   745.13   18.5364   0.128644   2.23707   
295.41   442.56   503.05   20.9219   0.128171   2.33152   
701.54   429.18   651.86   20.4557   0.126402   2.29479   
431.71   337.52   642.44   20.2096   0.125692   2.34308   
590.76   737.85   263.18   18.8368   0.125513   2.38491   
602.15   466.51   486.63   20.5465   0.125321   2.36896   
602.49   701.62   441.65   19.3582   0.124149   2.37711   
600.65   384.39   256.07   20.5707   0.123598   2.39383   
367.12   511.38   676.19   17.8179   0.123578   2.39168   
608.26   509.8   622.15   22.8847   0.123263   2.40276   
424.49   483.22   316.35   24.979   0.121533   2.4044   
553.42   411.9   715.28   18.3656   0.121365   2.42368   
704.96   716.4   736.79   22.8848   0.120978   2.41798   
324.08   312.18   404.68   21.3654   0.120153   2.48623   
560.56   258.33   403.01   21.3365   0.118655   2.50281   
380.8   394.06   402.75   23.1294   0.117433   2.51641   
728.67   381.27   608.57   24.6634   0.117281   2.49812   
749.01   270.33   495.46   19.5356   0.116648   2.44408   
281.78   566.22   447.94   21.6004   0.11594   2.47237   
253.29   576.15   589.41   33.9004   0.115059   2.60404   
391.19   535.11   383.98   26.6663   0.113211   2.62001   
326.7   741.86   606.2   19.2367   0.111983   2.65989   
501.17   319.8   513.42   22.6259   0.111958   2.62378   
526.51   444.31   533.8   21.4145   0.111733   2.63467   
294.28   253.01   444.81   21.9331   0.110652   2.64272   
262.28   739.72   588.84   37.4791   0.110618   2.70727   
722.95   299.06   297.15   21.7537   0.109999   2.68159   
743.45   416.56   698.39   21.7658   0.10988   2.67826   
347.32   258.35   427.5   25.2892   0.108911   2.7518   
647.55   549.19   343.54   20.935   0.108843   2.72949   
503.77   705.75   637.92   21.4592   0.107213   2.71724   
552.45   512.72   472.58   17.6021   0.106822   2.62494   
629.29   322.6   746.97   27.2779   0.106285   2.81065   
623.31   371.85   550.19   17.533   0.10622   2.67616   
463.37   630.41   426.27   19.0444   0.105763   2.69742   
400.02   648.65   572.98   17.1544   0.105553   2.84206   
574.62   319.81   472.92   24.5149   0.104916   2.84142   
499.05   254.34   542.57   23.633   0.103498   2.88231   
415.37   630.72   749.34   17.4573   0.10326   2.76516   
365.36   654.14   591.43   17.1347   0.102926   2.6985   
373.08   567.72   582.51   21.3093   0.10187   2.92941   
553.24   472.9   635.22   17.6012   0.101579   2.73753   
635.28   269.53   610.28   20.446   0.100144   2.84578   
297.36   634.77   511.5   17.1093   0.100122   2.72495   
306.76   395.35   619.34   21.7426   0.099022   2.99651   
519.06   500.95   515.14   24.5931   0.0987483   2.99114   
534.79   721.4   453.87   19.0351   0.0987425   2.9102   
521.16   476.78   401.9   17.7745   0.0978343   3.03311   
626.19   747.04   537.77   30.2628   0.0969268   3.05843   
622.67   425.84   532.73   20.0284   0.0965891   2.94786   
701.6   663.54   399.37   19.4415   0.0962084   3.01359   
572.09   481.1   597.58   18.3354   0.0949955   3.1103   
409.18   693.6   274.93   22.2806   0.0948897   3.05989   
695.55   323.1   620.94   17.5414   0.0944936   3.02258   
314.28   433.41   285.73   19.7027   0.0941806   3.1539   
725.02   729.05   364.69   18.3305   0.0931568   3.16789   
647.8   682.53   662.47   19.9373   0.0918668   3.12324   
501.88   368.08   348.91   17.9766   0.0907932   3.15864   
673.03   627   497.29   21.483   0.0880564   3.3307   
533.71   747.6   388.53   25.6772   0.0872223   3.38681   
499.11   715.36   744.45   19.1156   0.0843014   3.43621   
588.54   666.88   572.05   25.4915   0.0839226   3.50324   
724.23   538.26   325.99   17.8497   0.0823448   3.5579   
713.25   741.97   399.1   17.3808   0.0820515   3.57613   
384.12   379.21   279.54   18.5294   0.0812605   3.55721   
359.1   665.36   495.93   18.0606   0.0809281   3.54815   
365.87   440.76   591.68   18.8947   0.0804629   3.64676   
441.66   469.12   384.22   24.0404   0.0803698   3.66286   
389.64   468.97   453   19.8138   0.0795513   3.67888   
391.61   411.91   540.64   17.8399   0.0782447   3.75116   
526.11   345.01   414.85   18.8253   0.0772234   3.82262   
470.54   639.25   710.49   24.5861   0.0750132   3.94091   
667.26   366.71   304.98   22.0103   0.0714408   4.18563   
429.08   639.47   669.2   17.7688   0.0709278   4.20083   
573.37   740.87   421.04   21.7324   0.0695607   4.26321   
507.24   419.64   418.75   19.3893   0.0687986   4.29791   
441.63   327.79   286.3   25.5371   0.0683147   4.32456   
666.35   341.39   390.08   20.4471   0.0678349   4.25436   
380.66   528.64   494.86   20.4185   0.0666718   4.27791   
677.22   351.42   646.37   20.7182   0.0651579   4.48556   
546.21   295.93   272.66   19.9707   0.0629024   4.62231   
317.46   679.81   743.9   20.2366   0.0624446   4.70195   
324.14   379.54   439.7   18.4803   0.0612164   4.78484   
603.65   712.92   643.52   21.1494   0.0580267   4.98819   
261.77   416.1   356.83   17.3415   0.0563292   5.22119   
302.07   544.25   360.67   21.8889   0.055872   5.17552   
592.73   509.42   430.31   17.7358   0.0527068   5.6655   
516.13   324.16   322.68   17.4815   0.0508086   5.5955   
658.69   589.86   713.43   20.861   0.0505918   5.81433   
535.44   504.36   286.9   21.5414   0.050518   5.78016   
300.01   694.07   427.96   17.4991   0.0500702   5.74688   
593.49   280.73   744.91   21.916   0.0492611   5.85997   
382.54   614.88   669.01   21.7002   0.0468274   6.35945   
740.65   349.67   687.06   17.7072   0.0437774   6.42795   
532.38   308.17   450.04   17.9618   0.0435905   6.6286   
738.71   422.73   380.16   19.4603   0.0386734   7.52232   
375.93   271.24   373.59   19.7536   0.0382371   7.71196   
308.01   663.13   607.4   19.1633   0.0364147   7.75358   
300.13   293.37   626.57   19.748   0.0336001   8.79147   
408.9   709.84   526.65   19.4698   0.0321325   8.99928   
539.21   628.32   657.44   19.494   0.0294312   9.82364   
667.53   659.86   338.32   18.3032   0.0293792   10.1106   
384.32   435.34   662.77   20.4633   0.0277043   10.4368   
284.47   398.26   407.05   22.4728   0.0248339   11.8325   
652.84   303.37   691.87   18.111   0   1   
438.79   527.29   425.93   19.0868   0   1   
712.3   554.4   674.26   17.9515   0   1   
271.14   360.92   501.63   17.227   0   1   
312.38   329.23   252.57   18.6247   0   1   
