This file contains any messages produced by compilers while
running configure, to aid debugging if configure makes a mistake.

It was created by Cuba configure 1.4, which was
generated by GNU Autoconf 2.61a.  Invocation command line was

  $ ./configure 

## --------- ##
## Platform. ##
## --------- ##

hostname = alfonso-Ubuntu
uname -m = x86_64
uname -r = 3.13.0-53-generic
uname -s = Linux
uname -v = #89-Ubuntu SMP Wed May 20 10:34:39 UTC 2015

/usr/bin/uname -p = unknown
/bin/uname -X     = unknown

/bin/arch              = unknown
/usr/bin/arch -k       = unknown
/usr/convex/getsysinfo = unknown
/usr/bin/hostinfo      = unknown
/bin/machine           = unknown
/usr/bin/oslevel       = unknown
/bin/universe          = unknown

PATH: /opt/intel/composer_xe_2015.0.090/bin/intel64
PATH: /opt/intel/composer_xe_2015.0.090/mpirt/bin/intel64
PATH: /opt/intel/composer_xe_2015.0.090/debugger/gdb/intel64_mic/bin
PATH: /home/alfonso/programs/casa-release-4.3.1-el6/
PATH: /home/alfonso/programs/Xi/
PATH: /home/alfonso/anaconda/bin
PATH: /home/alfonso/programs/Healpix_3.11/src/cxx/basic_gcc/bin
PATH: /usr/local/sbin
PATH: /usr/local/bin
PATH: /usr/sbin
PATH: /usr/bin
PATH: /sbin
PATH: /bin
PATH: /usr/games
PATH: /usr/local/games
PATH: /home/alfonso/programs/scripts
PATH: /home/alfonso/programs/topcat
PATH: .
PATH: /home/alfonso/programs/sm/bin
PATH: /home/alfonso/programs/mangle/bin
PATH: /home/alfonso/programs/mangle/scripts
PATH: /home/alfonso/
PATH: /home/alfonso/CosmoBolognaLib/Cosmology/CAMB/
PATH: /home/alfonso/CosmoBolognaLib/Cosmology/MPTbreeze-v1/
PATH: /home/alfonso/macro_plot/fastplot/
PATH: /usr/local/astrometry/bin
PATH: /home/alfonso/programs/mangle/bin
PATH: /home/alfonso/programs/mangle/scripts
PATH: /home/alfonso/.openmpi/bin


## ----------- ##
## Core tests. ##
## ----------- ##

configure:1749: checking for gcc
configure:1765: found /usr/bin/gcc
configure:1776: result: gcc
configure:2014: checking for C compiler version
configure:2022: gcc --version >&5
gcc (Ubuntu 4.8.2-19ubuntu1) 4.8.2
Copyright (C) 2013 Free Software Foundation, Inc.
This is free software; see the source for copying conditions.  There is NO
warranty; not even for MERCHANTABILITY or FITNESS FOR A PARTICULAR PURPOSE.

configure:2026: $? = 0
configure:2033: gcc -v >&5
Using built-in specs.
COLLECT_GCC=gcc
COLLECT_LTO_WRAPPER=/usr/lib/gcc/x86_64-linux-gnu/4.8/lto-wrapper
Target: x86_64-linux-gnu
Configured with: ../src/configure -v --with-pkgversion='Ubuntu 4.8.2-19ubuntu1' --with-bugurl=file:///usr/share/doc/gcc-4.8/README.Bugs --enable-languages=c,c++,java,go,d,fortran,objc,obj-c++ --prefix=/usr --program-suffix=-4.8 --enable-shared --enable-linker-build-id --libexecdir=/usr/lib --without-included-gettext --enable-threads=posix --with-gxx-include-dir=/usr/include/c++/4.8 --libdir=/usr/lib --enable-nls --with-sysroot=/ --enable-clocale=gnu --enable-libstdcxx-debug --enable-libstdcxx-time=yes --enable-gnu-unique-object --disable-libmudflap --enable-plugin --with-system-zlib --disable-browser-plugin --enable-java-awt=gtk --enable-gtk-cairo --with-java-home=/usr/lib/jvm/java-1.5.0-gcj-4.8-amd64/jre --enable-java-home --with-jvm-root-dir=/usr/lib/jvm/java-1.5.0-gcj-4.8-amd64 --with-jvm-jar-dir=/usr/lib/jvm-exports/java-1.5.0-gcj-4.8-amd64 --with-arch-directory=amd64 --with-ecj-jar=/usr/share/java/eclipse-ecj.jar --enable-objc-gc --enable-multiarch --disable-werror --with-arch-32=i686 --with-abi=m64 --with-multilib-list=m32,m64,mx32 --with-tune=generic --enable-checking=release --build=x86_64-linux-gnu --host=x86_64-linux-gnu --target=x86_64-linux-gnu
Thread model: posix
gcc version 4.8.2 (Ubuntu 4.8.2-19ubuntu1) 
configure:2037: $? = 0
configure:2044: gcc -V >&5
gcc: error: unrecognized command line option '-V'
gcc: fatal error: no input files
compilation terminated.
configure:2048: $? = 4
configure:2071: checking for C compiler default output file name
configure:2098: gcc    conftest.c -lm >&5
configure:2102: $? = 0
configure:2140: result: a.out
configure:2157: checking whether the C compiler works
configure:2167: ./a.out
configure:2171: $? = 0
configure:2188: result: yes
configure:2195: checking whether we are cross compiling
configure:2197: result: no
configure:2200: checking for suffix of executables
configure:2207: gcc -o conftest    conftest.c -lm >&5
configure:2211: $? = 0
configure:2235: result: 
configure:2241: checking for suffix of object files
configure:2267: gcc -c   conftest.c >&5
configure:2271: $? = 0
configure:2294: result: o
configure:2298: checking whether we are using the GNU C compiler
configure:2327: gcc -c   conftest.c >&5
configure:2334: $? = 0
configure:2351: result: yes
configure:2360: checking whether gcc accepts -g
configure:2390: gcc -c -g  conftest.c >&5
configure:2397: $? = 0
configure:2498: result: yes
configure:2515: checking for gcc option to accept ISO C89
configure:2589: gcc  -c -g -O2  conftest.c >&5
configure:2596: $? = 0
configure:2619: result: none needed
configure:2690: checking for g77
configure:2706: found /usr/bin/g77
configure:2717: result: g77
configure:2747: checking for Fortran 77 compiler version
configure:2755: g77 --version >&5
GNU Fortran (GCC) 3.4.6 (Ubuntu 3.4.6-6ubuntu5)
Copyright (C) 2006 Free Software Foundation, Inc.

GNU Fortran comes with NO WARRANTY, to the extent permitted by law.
You may redistribute copies of GNU Fortran
under the terms of the GNU General Public License.
For more information about these matters, see the file named COPYING
or type the command `info -f g77 Copying'.
configure:2759: $? = 0
configure:2766: g77 -v >&5
Reading specs from /usr/lib/gcc/x86_64-linux-gnu/3.4.6/specs
Configured with: ../src/configure -v --enable-languages=c,c++,f77,pascal --prefix=/usr --libexecdir=/usr/lib --with-gxx-include-dir=/usr/include/c++/3.4 --enable-shared --with-system-zlib --enable-nls --without-included-gettext --program-suffix=-3.4 --enable-__cxa_atexit --enable-clocale=gnu --enable-libstdcxx-debug x86_64-linux-gnu
Thread model: posix
gcc version 3.4.6 (Ubuntu 3.4.6-6ubuntu5)
configure:2770: $? = 0
configure:2777: g77 -V >&5
g77: `-V' option must have argument
configure:2781: $? = 1
configure:2789: checking whether we are using the GNU Fortran 77 compiler
configure:2808: g77 -c  conftest.F >&5
configure:2815: $? = 0
configure:2832: result: yes
configure:2838: checking whether g77 accepts -g
configure:2855: g77 -c -g conftest.f >&5
configure:2862: $? = 0
configure:2878: result: yes
configure:2950: checking for ranlib
configure:2966: found /usr/bin/ranlib
configure:2977: result: ranlib
configure:3047: checking for a BSD-compatible install
configure:3103: result: /usr/bin/install -c
configure:3122: checking for an ANSI C-conforming const
configure:3197: gcc -c -O3 -fomit-frame-pointer -ffast-math  conftest.c >&5
configure:3204: $? = 0
configure:3219: result: yes
configure:3229: checking for inline
configure:3255: gcc -c -O3 -fomit-frame-pointer -ffast-math  conftest.c >&5
configure:3262: $? = 0
configure:3280: result: inline
configure:3301: checking for long double with more range or precision than double
configure:3346: gcc -c -O3 -fomit-frame-pointer -ffast-math  conftest.c >&5
configure:3353: $? = 0
configure:3368: result: yes
configure:3392: checking for powl
configure:3448: gcc -o conftest -O3 -fomit-frame-pointer -ffast-math   conftest.c -lm >&5
conftest.c:33:6: warning: conflicting types for built-in function 'powl' [enabled by default]
 char powl ();
      ^
configure:3455: $? = 0
configure:3474: result: yes
configure:3489: checking for erf
configure:3545: gcc -o conftest -O3 -fomit-frame-pointer -ffast-math   conftest.c -lm >&5
conftest.c:34:6: warning: conflicting types for built-in function 'erf' [enabled by default]
 char erf ();
      ^
configure:3552: $? = 0
configure:3571: result: yes
configure:3599: checking for variable-size arrays
configure:3615: gcc -c -O3 -fomit-frame-pointer -ffast-math  conftest.c >&5
configure:3622: $? = 0
configure:3627: result: yes
configure:3654: checking for qmake
configure:3670: found /usr/bin/qmake
configure:3681: result: qmake
configure:3804: creating ./config.status

## ---------------------- ##
## Running config.status. ##
## ---------------------- ##

This file was extended by Cuba config.status 1.4, which was
generated by GNU Autoconf 2.61a.  Invocation command line was

  CONFIG_FILES    = 
  CONFIG_HEADERS  = 
  CONFIG_LINKS    = 
  CONFIG_COMMANDS = 
  $ ./config.status 

on alfonso-Ubuntu

config.status:654: creating makefile
config.status:654: creating config.h

## ---------------- ##
## Cache variables. ##
## ---------------- ##

ac_cv_c_compiler_gnu=yes
ac_cv_c_const=yes
ac_cv_c_inline=inline
ac_cv_c_long_double=yes
ac_cv_env_CC_set=
ac_cv_env_CC_value=
ac_cv_env_CFLAGS_set=
ac_cv_env_CFLAGS_value=
ac_cv_env_CPPFLAGS_set=
ac_cv_env_CPPFLAGS_value=
ac_cv_env_F77_set=
ac_cv_env_F77_value=
ac_cv_env_FFLAGS_set=
ac_cv_env_FFLAGS_value=
ac_cv_env_LDFLAGS_set=
ac_cv_env_LDFLAGS_value=
ac_cv_env_LIBS_set=
ac_cv_env_LIBS_value=
ac_cv_env_build_alias_set=
ac_cv_env_build_alias_value=
ac_cv_env_host_alias_set=
ac_cv_env_host_alias_value=
ac_cv_env_target_alias_set=
ac_cv_env_target_alias_value=
ac_cv_f77_compiler_gnu=yes
ac_cv_func_erf=yes
ac_cv_func_powl=yes
ac_cv_objext=o
ac_cv_path_install='/usr/bin/install -c'
ac_cv_prog_HAVE_QMAKE=qmake
ac_cv_prog_ac_ct_CC=gcc
ac_cv_prog_ac_ct_F77=g77
ac_cv_prog_ac_ct_RANLIB=ranlib
ac_cv_prog_cc_c89=
ac_cv_prog_cc_g=yes
ac_cv_prog_f77_g=yes
ac_cv_type_long_double_wider=yes

## ----------------- ##
## Output variables. ##
## ----------------- ##

CC='gcc'
CFLAGS='-O3 -fomit-frame-pointer -ffast-math'
CPPFLAGS=''
DEFS='-DHAVE_CONFIG_H'
DEMO_FORTRAN_DEFAULT='demo-fortran'
ECHO_C=''
ECHO_N='-n'
ECHO_T=''
EXEEXT=''
F77='g77'
FFLAGS='-g -O2'
HAVE_QMAKE='qmake'
INSTALL_DATA='${INSTALL} -m 644'
INSTALL_PROGRAM='${INSTALL}'
INSTALL_SCRIPT='${INSTALL}'
LDFLAGS=''
LIBOBJS=''
LIBS='-lm'
LTLIBOBJS=''
OBJEXT='o'
PACKAGE_BUGREPORT='hahn@feynarts.de'
PACKAGE_NAME='Cuba'
PACKAGE_STRING='Cuba 1.4'
PACKAGE_TARNAME='cuba'
PACKAGE_VERSION='1.4'
PATH_SEPARATOR=':'
RANLIB='ranlib'
SHELL='/bin/bash'
TOOLS_DEFAULT='tools'
ac_ct_CC='gcc'
ac_ct_F77='g77'
bindir='${exec_prefix}/bin'
build_alias=''
datadir='${datarootdir}'
datarootdir='${prefix}/share'
docdir='${datarootdir}/doc/${PACKAGE_TARNAME}'
dvidir='${docdir}'
exec_prefix='${prefix}'
host_alias=''
htmldir='${docdir}'
includedir='${prefix}/include'
infodir='${datarootdir}/info'
libdir='${exec_prefix}/lib'
libexecdir='${exec_prefix}/libexec'
localedir='${datarootdir}/locale'
localstatedir='${prefix}/var'
mandir='${datarootdir}/man'
oldincludedir='/usr/include'
pdfdir='${docdir}'
prefix='/usr/local'
program_transform_name='s,x,x,'
psdir='${docdir}'
sbindir='${exec_prefix}/sbin'
sharedstatedir='${prefix}/com'
sysconfdir='${prefix}/etc'
target_alias=''

## ----------- ##
## confdefs.h. ##
## ----------- ##

#define PACKAGE_NAME "Cuba"
#define PACKAGE_TARNAME "cuba"
#define PACKAGE_VERSION "1.4"
#define PACKAGE_STRING "Cuba 1.4"
#define PACKAGE_BUGREPORT "hahn@feynarts.de"
#define HAVE_LONG_DOUBLE_WIDER 1
#define HAVE_LONG_DOUBLE 1
#define HAVE_POWL 1
#define HAVE_ERF 1

configure: exit 0
